This is pdfTeX, Version 3.14159265-2.6-1.40.17 (TeX Live 2016/Arch Linux) (preloaded format=pdflatex 2017.4.23)  1 MAY 2017 18:44
entering extended mode
 restricted \write18 enabled.
 %&-line parsing enabled.
**TP2.tex
(./TP2.tex
LaTeX2e <2017/01/01> patch level 3
Babel <3.9r> and hyphenation patterns for 83 language(s) loaded.
(/usr/share/texmf-dist/tex/latex/base/report.cls
Document Class: report 2014/09/29 v1.4h Standard LaTeX document class
(/usr/share/texmf-dist/tex/latex/base/size12.clo
File: size12.clo 2014/09/29 v1.4h Standard LaTeX file (size option)
)
\c@part=\count79
\c@chapter=\count80
\c@section=\count81
\c@subsection=\count82
\c@subsubsection=\count83
\c@paragraph=\count84
\c@subparagraph=\count85
\c@figure=\count86
\c@table=\count87
\abovecaptionskip=\skip41
\belowcaptionskip=\skip42
\bibindent=\dimen102
)
(/usr/share/texmf-dist/tex/latex/base/inputenc.sty
Package: inputenc 2015/03/17 v1.2c Input encoding file
\inpenc@prehook=\toks14
\inpenc@posthook=\toks15

(/usr/share/texmf-dist/tex/latex/base/utf8.def
File: utf8.def 2017/01/28 v1.1t UTF-8 support for inputenc
Now handling font encoding OML ...
... no UTF-8 mapping file for font encoding OML
Now handling font encoding T1 ...
... processing UTF-8 mapping file for font encoding T1

(/usr/share/texmf-dist/tex/latex/base/t1enc.dfu
File: t1enc.dfu 2017/01/28 v1.1t UTF-8 support for inputenc
   defining Unicode char U+00A0 (decimal 160)
   defining Unicode char U+00A1 (decimal 161)
   defining Unicode char U+00A3 (decimal 163)
   defining Unicode char U+00AB (decimal 171)
   defining Unicode char U+00AD (decimal 173)
   defining Unicode char U+00BB (decimal 187)
   defining Unicode char U+00BF (decimal 191)
   defining Unicode char U+00C0 (decimal 192)
   defining Unicode char U+00C1 (decimal 193)
   defining Unicode char U+00C2 (decimal 194)
   defining Unicode char U+00C3 (decimal 195)
   defining Unicode char U+00C4 (decimal 196)
   defining Unicode char U+00C5 (decimal 197)
   defining Unicode char U+00C6 (decimal 198)
   defining Unicode char U+00C7 (decimal 199)
   defining Unicode char U+00C8 (decimal 200)
   defining Unicode char U+00C9 (decimal 201)
   defining Unicode char U+00CA (decimal 202)
   defining Unicode char U+00CB (decimal 203)
   defining Unicode char U+00CC (decimal 204)
   defining Unicode char U+00CD (decimal 205)
   defining Unicode char U+00CE (decimal 206)
   defining Unicode char U+00CF (decimal 207)
   defining Unicode char U+00D0 (decimal 208)
   defining Unicode char U+00D1 (decimal 209)
   defining Unicode char U+00D2 (decimal 210)
   defining Unicode char U+00D3 (decimal 211)
   defining Unicode char U+00D4 (decimal 212)
   defining Unicode char U+00D5 (decimal 213)
   defining Unicode char U+00D6 (decimal 214)
   defining Unicode char U+00D8 (decimal 216)
   defining Unicode char U+00D9 (decimal 217)
   defining Unicode char U+00DA (decimal 218)
   defining Unicode char U+00DB (decimal 219)
   defining Unicode char U+00DC (decimal 220)
   defining Unicode char U+00DD (decimal 221)
   defining Unicode char U+00DE (decimal 222)
   defining Unicode char U+00DF (decimal 223)
   defining Unicode char U+00E0 (decimal 224)
   defining Unicode char U+00E1 (decimal 225)
   defining Unicode char U+00E2 (decimal 226)
   defining Unicode char U+00E3 (decimal 227)
   defining Unicode char U+00E4 (decimal 228)
   defining Unicode char U+00E5 (decimal 229)
   defining Unicode char U+00E6 (decimal 230)
   defining Unicode char U+00E7 (decimal 231)
   defining Unicode char U+00E8 (decimal 232)
   defining Unicode char U+00E9 (decimal 233)
   defining Unicode char U+00EA (decimal 234)
   defining Unicode char U+00EB (decimal 235)
   defining Unicode char U+00EC (decimal 236)
   defining Unicode char U+00ED (decimal 237)
   defining Unicode char U+00EE (decimal 238)
   defining Unicode char U+00EF (decimal 239)
   defining Unicode char U+00F0 (decimal 240)
   defining Unicode char U+00F1 (decimal 241)
   defining Unicode char U+00F2 (decimal 242)
   defining Unicode char U+00F3 (decimal 243)
   defining Unicode char U+00F4 (decimal 244)
   defining Unicode char U+00F5 (decimal 245)
   defining Unicode char U+00F6 (decimal 246)
   defining Unicode char U+00F8 (decimal 248)
   defining Unicode char U+00F9 (decimal 249)
   defining Unicode char U+00FA (decimal 250)
   defining Unicode char U+00FB (decimal 251)
   defining Unicode char U+00FC (decimal 252)
   defining Unicode char U+00FD (decimal 253)
   defining Unicode char U+00FE (decimal 254)
   defining Unicode char U+00FF (decimal 255)
   defining Unicode char U+0100 (decimal 256)
   defining Unicode char U+0101 (decimal 257)
   defining Unicode char U+0102 (decimal 258)
   defining Unicode char U+0103 (decimal 259)
   defining Unicode char U+0104 (decimal 260)
   defining Unicode char U+0105 (decimal 261)
   defining Unicode char U+0106 (decimal 262)
   defining Unicode char U+0107 (decimal 263)
   defining Unicode char U+0108 (decimal 264)
   defining Unicode char U+0109 (decimal 265)
   defining Unicode char U+010A (decimal 266)
   defining Unicode char U+010B (decimal 267)
   defining Unicode char U+010C (decimal 268)
   defining Unicode char U+010D (decimal 269)
   defining Unicode char U+010E (decimal 270)
   defining Unicode char U+010F (decimal 271)
   defining Unicode char U+0110 (decimal 272)
   defining Unicode char U+0111 (decimal 273)
   defining Unicode char U+0112 (decimal 274)
   defining Unicode char U+0113 (decimal 275)
   defining Unicode char U+0114 (decimal 276)
   defining Unicode char U+0115 (decimal 277)
   defining Unicode char U+0116 (decimal 278)
   defining Unicode char U+0117 (decimal 279)
   defining Unicode char U+0118 (decimal 280)
   defining Unicode char U+0119 (decimal 281)
   defining Unicode char U+011A (decimal 282)
   defining Unicode char U+011B (decimal 283)
   defining Unicode char U+011C (decimal 284)
   defining Unicode char U+011D (decimal 285)
   defining Unicode char U+011E (decimal 286)
   defining Unicode char U+011F (decimal 287)
   defining Unicode char U+0120 (decimal 288)
   defining Unicode char U+0121 (decimal 289)
   defining Unicode char U+0122 (decimal 290)
   defining Unicode char U+0123 (decimal 291)
   defining Unicode char U+0124 (decimal 292)
   defining Unicode char U+0125 (decimal 293)
   defining Unicode char U+0128 (decimal 296)
   defining Unicode char U+0129 (decimal 297)
   defining Unicode char U+012A (decimal 298)
   defining Unicode char U+012B (decimal 299)
   defining Unicode char U+012C (decimal 300)
   defining Unicode char U+012D (decimal 301)
   defining Unicode char U+012E (decimal 302)
   defining Unicode char U+012F (decimal 303)
   defining Unicode char U+0130 (decimal 304)
   defining Unicode char U+0131 (decimal 305)
   defining Unicode char U+0132 (decimal 306)
   defining Unicode char U+0133 (decimal 307)
   defining Unicode char U+0134 (decimal 308)
   defining Unicode char U+0135 (decimal 309)
   defining Unicode char U+0136 (decimal 310)
   defining Unicode char U+0137 (decimal 311)
   defining Unicode char U+0139 (decimal 313)
   defining Unicode char U+013A (decimal 314)
   defining Unicode char U+013B (decimal 315)
   defining Unicode char U+013C (decimal 316)
   defining Unicode char U+013D (decimal 317)
   defining Unicode char U+013E (decimal 318)
   defining Unicode char U+0141 (decimal 321)
   defining Unicode char U+0142 (decimal 322)
   defining Unicode char U+0143 (decimal 323)
   defining Unicode char U+0144 (decimal 324)
   defining Unicode char U+0145 (decimal 325)
   defining Unicode char U+0146 (decimal 326)
   defining Unicode char U+0147 (decimal 327)
   defining Unicode char U+0148 (decimal 328)
   defining Unicode char U+014A (decimal 330)
   defining Unicode char U+014B (decimal 331)
   defining Unicode char U+014C (decimal 332)
   defining Unicode char U+014D (decimal 333)
   defining Unicode char U+014E (decimal 334)
   defining Unicode char U+014F (decimal 335)
   defining Unicode char U+0150 (decimal 336)
   defining Unicode char U+0151 (decimal 337)
   defining Unicode char U+0152 (decimal 338)
   defining Unicode char U+0153 (decimal 339)
   defining Unicode char U+0154 (decimal 340)
   defining Unicode char U+0155 (decimal 341)
   defining Unicode char U+0156 (decimal 342)
   defining Unicode char U+0157 (decimal 343)
   defining Unicode char U+0158 (decimal 344)
   defining Unicode char U+0159 (decimal 345)
   defining Unicode char U+015A (decimal 346)
   defining Unicode char U+015B (decimal 347)
   defining Unicode char U+015C (decimal 348)
   defining Unicode char U+015D (decimal 349)
   defining Unicode char U+015E (decimal 350)
   defining Unicode char U+015F (decimal 351)
   defining Unicode char U+0160 (decimal 352)
   defining Unicode char U+0161 (decimal 353)
   defining Unicode char U+0162 (decimal 354)
   defining Unicode char U+0163 (decimal 355)
   defining Unicode char U+0164 (decimal 356)
   defining Unicode char U+0165 (decimal 357)
   defining Unicode char U+0168 (decimal 360)
   defining Unicode char U+0169 (decimal 361)
   defining Unicode char U+016A (decimal 362)
   defining Unicode char U+016B (decimal 363)
   defining Unicode char U+016C (decimal 364)
   defining Unicode char U+016D (decimal 365)
   defining Unicode char U+016E (decimal 366)
   defining Unicode char U+016F (decimal 367)
   defining Unicode char U+0170 (decimal 368)
   defining Unicode char U+0171 (decimal 369)
   defining Unicode char U+0172 (decimal 370)
   defining Unicode char U+0173 (decimal 371)
   defining Unicode char U+0174 (decimal 372)
   defining Unicode char U+0175 (decimal 373)
   defining Unicode char U+0176 (decimal 374)
   defining Unicode char U+0177 (decimal 375)
   defining Unicode char U+0178 (decimal 376)
   defining Unicode char U+0179 (decimal 377)
   defining Unicode char U+017A (decimal 378)
   defining Unicode char U+017B (decimal 379)
   defining Unicode char U+017C (decimal 380)
   defining Unicode char U+017D (decimal 381)
   defining Unicode char U+017E (decimal 382)
   defining Unicode char U+01CD (decimal 461)
   defining Unicode char U+01CE (decimal 462)
   defining Unicode char U+01CF (decimal 463)
   defining Unicode char U+01D0 (decimal 464)
   defining Unicode char U+01D1 (decimal 465)
   defining Unicode char U+01D2 (decimal 466)
   defining Unicode char U+01D3 (decimal 467)
   defining Unicode char U+01D4 (decimal 468)
   defining Unicode char U+01E2 (decimal 482)
   defining Unicode char U+01E3 (decimal 483)
   defining Unicode char U+01E6 (decimal 486)
   defining Unicode char U+01E7 (decimal 487)
   defining Unicode char U+01E8 (decimal 488)
   defining Unicode char U+01E9 (decimal 489)
   defining Unicode char U+01EA (decimal 490)
   defining Unicode char U+01EB (decimal 491)
   defining Unicode char U+01F0 (decimal 496)
   defining Unicode char U+01F4 (decimal 500)
   defining Unicode char U+01F5 (decimal 501)
   defining Unicode char U+0218 (decimal 536)
   defining Unicode char U+0219 (decimal 537)
   defining Unicode char U+021A (decimal 538)
   defining Unicode char U+021B (decimal 539)
   defining Unicode char U+0232 (decimal 562)
   defining Unicode char U+0233 (decimal 563)
   defining Unicode char U+1E02 (decimal 7682)
   defining Unicode char U+1E03 (decimal 7683)
   defining Unicode char U+200C (decimal 8204)
   defining Unicode char U+2010 (decimal 8208)
   defining Unicode char U+2011 (decimal 8209)
   defining Unicode char U+2012 (decimal 8210)
   defining Unicode char U+2013 (decimal 8211)
   defining Unicode char U+2014 (decimal 8212)
   defining Unicode char U+2015 (decimal 8213)
   defining Unicode char U+2018 (decimal 8216)
   defining Unicode char U+2019 (decimal 8217)
   defining Unicode char U+201A (decimal 8218)
   defining Unicode char U+201C (decimal 8220)
   defining Unicode char U+201D (decimal 8221)
   defining Unicode char U+201E (decimal 8222)
   defining Unicode char U+2030 (decimal 8240)
   defining Unicode char U+2031 (decimal 8241)
   defining Unicode char U+2039 (decimal 8249)
   defining Unicode char U+203A (decimal 8250)
   defining Unicode char U+2423 (decimal 9251)
   defining Unicode char U+1E20 (decimal 7712)
   defining Unicode char U+1E21 (decimal 7713)
)
Now handling font encoding OT1 ...
... processing UTF-8 mapping file for font encoding OT1

(/usr/share/texmf-dist/tex/latex/base/ot1enc.dfu
File: ot1enc.dfu 2017/01/28 v1.1t UTF-8 support for inputenc
   defining Unicode char U+00A0 (decimal 160)
   defining Unicode char U+00A1 (decimal 161)
   defining Unicode char U+00A3 (decimal 163)
   defining Unicode char U+00AD (decimal 173)
   defining Unicode char U+00B8 (decimal 184)
   defining Unicode char U+00BF (decimal 191)
   defining Unicode char U+00C5 (decimal 197)
   defining Unicode char U+00C6 (decimal 198)
   defining Unicode char U+00D8 (decimal 216)
   defining Unicode char U+00DF (decimal 223)
   defining Unicode char U+00E6 (decimal 230)
   defining Unicode char U+00EC (decimal 236)
   defining Unicode char U+00ED (decimal 237)
   defining Unicode char U+00EE (decimal 238)
   defining Unicode char U+00EF (decimal 239)
   defining Unicode char U+00F8 (decimal 248)
   defining Unicode char U+0131 (decimal 305)
   defining Unicode char U+0141 (decimal 321)
   defining Unicode char U+0142 (decimal 322)
   defining Unicode char U+0152 (decimal 338)
   defining Unicode char U+0153 (decimal 339)
   defining Unicode char U+0174 (decimal 372)
   defining Unicode char U+0175 (decimal 373)
   defining Unicode char U+0176 (decimal 374)
   defining Unicode char U+0177 (decimal 375)
   defining Unicode char U+0218 (decimal 536)
   defining Unicode char U+0219 (decimal 537)
   defining Unicode char U+021A (decimal 538)
   defining Unicode char U+021B (decimal 539)
   defining Unicode char U+2013 (decimal 8211)
   defining Unicode char U+2014 (decimal 8212)
   defining Unicode char U+2018 (decimal 8216)
   defining Unicode char U+2019 (decimal 8217)
   defining Unicode char U+201C (decimal 8220)
   defining Unicode char U+201D (decimal 8221)
)
Now handling font encoding OMS ...
... processing UTF-8 mapping file for font encoding OMS

(/usr/share/texmf-dist/tex/latex/base/omsenc.dfu
File: omsenc.dfu 2017/01/28 v1.1t UTF-8 support for inputenc
   defining Unicode char U+00A7 (decimal 167)
   defining Unicode char U+00B6 (decimal 182)
   defining Unicode char U+00B7 (decimal 183)
   defining Unicode char U+2020 (decimal 8224)
   defining Unicode char U+2021 (decimal 8225)
   defining Unicode char U+2022 (decimal 8226)
)
Now handling font encoding OMX ...
... no UTF-8 mapping file for font encoding OMX
Now handling font encoding U ...
... no UTF-8 mapping file for font encoding U
   defining Unicode char U+00A9 (decimal 169)
   defining Unicode char U+00AA (decimal 170)
   defining Unicode char U+00AE (decimal 174)
   defining Unicode char U+00BA (decimal 186)
   defining Unicode char U+02C6 (decimal 710)
   defining Unicode char U+02DC (decimal 732)
   defining Unicode char U+200C (decimal 8204)
   defining Unicode char U+2026 (decimal 8230)
   defining Unicode char U+2122 (decimal 8482)
   defining Unicode char U+2423 (decimal 9251)
))
(/usr/share/texmf-dist/tex/latex/base/fontenc.sty
Package: fontenc 2017/02/22 v2.0g Standard LaTeX package

(/usr/share/texmf-dist/tex/latex/base/t1enc.def
File: t1enc.def 2017/02/22 v2.0g Standard LaTeX file
LaTeX Font Info:    Redeclaring font encoding T1 on input line 48.
))
(/usr/share/texmf-dist/tex/generic/babel/babel.sty
Package: babel 2016/04/23 3.9r The Babel package

(/usr/share/texmf-dist/tex/generic/babel-french/frenchb.ldf
Language: frenchb 2017/01/30 v3.2g French support from the babel system

(/usr/share/texmf-dist/tex/generic/babel/babel.def
File: babel.def 2016/04/23 3.9r Babel common definitions
\babel@savecnt=\count88
\U@D=\dimen103
)
\l@acadian = a dialect from \language\l@french 
\l@canadien = a dialect from \language\l@french 
\FB@nonchar=\count89
\FBcolonskip=\skip43
\FBthinskip=\skip44
Package babel Info: Making : an active character on input line 365.
Package babel Info: Making ; an active character on input line 366.
Package babel Info: Making ! an active character on input line 367.
Package babel Info: Making ? an active character on input line 368.
\FBguillskip=\skip45
\FBguill@level=\count90
\FB@everypar=\toks16
\FB@Mht=\dimen104
\mc@charclass=\count91
\mc@charfam=\count92
\mc@charslot=\count93
\std@mcc=\count94
\dec@mcc=\count95
\listindentFB=\skip46
\descindentFB=\skip47
\labelwidthFB=\skip48
\leftmarginFB=\skip49
\parindentFFN=\dimen105
\FBfnindent=\skip50
))
(/usr/share/texmf-dist/tex/latex/carlisle/scalefnt.sty)
(/usr/share/texmf-dist/tex/latex/graphics/keyval.sty
Package: keyval 2014/10/28 v1.15 key=value parser (DPC)
\KV@toks@=\toks17
)
(/usr/share/texmf-dist/tex/latex/geometry/geometry.sty
Package: geometry 2010/09/12 v5.6 Page Geometry

(/usr/share/texmf-dist/tex/generic/oberdiek/ifpdf.sty
Package: ifpdf 2017/03/15 v3.2 Provides the ifpdf switch
)
(/usr/share/texmf-dist/tex/generic/oberdiek/ifvtex.sty
Package: ifvtex 2016/05/16 v1.6 Detect VTeX and its facilities (HO)
Package ifvtex Info: VTeX not detected.
)
(/usr/share/texmf-dist/tex/generic/ifxetex/ifxetex.sty
Package: ifxetex 2010/09/12 v0.6 Provides ifxetex conditional
)
\Gm@cnth=\count96
\Gm@cntv=\count97
\c@Gm@tempcnt=\count98
\Gm@bindingoffset=\dimen106
\Gm@wd@mp=\dimen107
\Gm@odd@mp=\dimen108
\Gm@even@mp=\dimen109
\Gm@layoutwidth=\dimen110
\Gm@layoutheight=\dimen111
\Gm@layouthoffset=\dimen112
\Gm@layoutvoffset=\dimen113
\Gm@dimlist=\toks18
)
(/usr/share/texmf-dist/tex/latex/soul/soul.sty
Package: soul 2003/11/17 v2.4 letterspacing/underlining (mf)
\SOUL@word=\toks19
\SOUL@lasttoken=\toks20
\SOUL@cmds=\toks21
\SOUL@buffer=\toks22
\SOUL@token=\toks23
\SOUL@spaceskip=\skip51
\SOUL@ttwidth=\dimen114
\SOUL@uldp=\dimen115
\SOUL@ulht=\dimen116
)
(/usr/share/texmf-dist/tex/generic/ulem/ulem.sty
\UL@box=\box26
\UL@hyphenbox=\box27
\UL@skip=\skip52
\UL@hook=\toks24
\UL@height=\dimen117
\UL@pe=\count99
\UL@pixel=\dimen118
\ULC@box=\box28
Package: ulem 2012/05/18
\ULdepth=\dimen119
)
(/usr/share/texmf-dist/tex/latex/graphics/color.sty
Package: color 2016/07/10 v1.1e Standard LaTeX Color (DPC)

(/usr/share/texmf-dist/tex/latex/graphics-cfg/color.cfg
File: color.cfg 2016/01/02 v1.6 sample color configuration
)
Package color Info: Driver file: pdftex.def on input line 147.

(/usr/share/texmf-dist/tex/latex/graphics-def/pdftex.def
File: pdftex.def 2017/01/12 v0.06k Graphics/color for pdfTeX

(/usr/share/texmf-dist/tex/generic/oberdiek/infwarerr.sty
Package: infwarerr 2016/05/16 v1.4 Providing info/warning/error messages (HO)
)
(/usr/share/texmf-dist/tex/generic/oberdiek/ltxcmds.sty
Package: ltxcmds 2016/05/16 v1.23 LaTeX kernel commands for general use (HO)
)
\Gread@gobject=\count100
))
(/usr/share/texmf-dist/tex/latex/amsmath/amsmath.sty
Package: amsmath 2016/11/05 v2.16a AMS math features
\@mathmargin=\skip53

For additional information on amsmath, use the `?' option.
(/usr/share/texmf-dist/tex/latex/amsmath/amstext.sty
Package: amstext 2000/06/29 v2.01 AMS text

(/usr/share/texmf-dist/tex/latex/amsmath/amsgen.sty
File: amsgen.sty 1999/11/30 v2.0 generic functions
\@emptytoks=\toks25
\ex@=\dimen120
))
(/usr/share/texmf-dist/tex/latex/amsmath/amsbsy.sty
Package: amsbsy 1999/11/29 v1.2d Bold Symbols
\pmbraise@=\dimen121
)
(/usr/share/texmf-dist/tex/latex/amsmath/amsopn.sty
Package: amsopn 2016/03/08 v2.02 operator names
)
\inf@bad=\count101
LaTeX Info: Redefining \frac on input line 213.
\uproot@=\count102
\leftroot@=\count103
LaTeX Info: Redefining \overline on input line 375.
\classnum@=\count104
\DOTSCASE@=\count105
LaTeX Info: Redefining \ldots on input line 472.
LaTeX Info: Redefining \dots on input line 475.
LaTeX Info: Redefining \cdots on input line 596.
\Mathstrutbox@=\box29
\strutbox@=\box30
\big@size=\dimen122
LaTeX Font Info:    Redeclaring font encoding OML on input line 712.
LaTeX Font Info:    Redeclaring font encoding OMS on input line 713.
\macc@depth=\count106
\c@MaxMatrixCols=\count107
\dotsspace@=\muskip10
\c@parentequation=\count108
\dspbrk@lvl=\count109
\tag@help=\toks26
\row@=\count110
\column@=\count111
\maxfields@=\count112
\andhelp@=\toks27
\eqnshift@=\dimen123
\alignsep@=\dimen124
\tagshift@=\dimen125
\tagwidth@=\dimen126
\totwidth@=\dimen127
\lineht@=\dimen128
\@envbody=\toks28
\multlinegap=\skip54
\multlinetaggap=\skip55
\mathdisplay@stack=\toks29
LaTeX Info: Redefining \[ on input line 2817.
LaTeX Info: Redefining \] on input line 2818.
)
(/usr/share/texmf-dist/tex/latex/amsfonts/amssymb.sty
Package: amssymb 2013/01/14 v3.01 AMS font symbols

(/usr/share/texmf-dist/tex/latex/amsfonts/amsfonts.sty
Package: amsfonts 2013/01/14 v3.01 Basic AMSFonts support
\symAMSa=\mathgroup4
\symAMSb=\mathgroup5
LaTeX Font Info:    Overwriting math alphabet `\mathfrak' in version `bold'
(Font)                  U/euf/m/n --> U/euf/b/n on input line 106.
))
(/usr/share/texmf-dist/tex/latex/jknapltx/mathrsfs.sty
Package: mathrsfs 1996/01/01 Math RSFS package v1.0 (jk)
\symrsfs=\mathgroup6
)
(/usr/share/texmf-dist/tex/latex/graphics/graphicx.sty
Package: graphicx 2014/10/28 v1.0g Enhanced LaTeX Graphics (DPC,SPQR)

(/usr/share/texmf-dist/tex/latex/graphics/graphics.sty
Package: graphics 2016/10/09 v1.0u Standard LaTeX Graphics (DPC,SPQR)

(/usr/share/texmf-dist/tex/latex/graphics/trig.sty
Package: trig 2016/01/03 v1.10 sin cos tan (DPC)
)
(/usr/share/texmf-dist/tex/latex/graphics-cfg/graphics.cfg
File: graphics.cfg 2016/06/04 v1.11 sample graphics configuration
)
Package graphics Info: Driver file: pdftex.def on input line 99.
)
\Gin@req@height=\dimen129
\Gin@req@width=\dimen130
)
(/usr/share/texmf-dist/tex/latex/tools/tabularx.sty
Package: tabularx 2016/02/03 v2.11 `tabularx' package (DPC)

(/usr/share/texmf-dist/tex/latex/tools/array.sty
Package: array 2016/10/06 v2.4d Tabular extension package (FMi)
\col@sep=\dimen131
\extrarowheight=\dimen132
\NC@list=\toks30
\extratabsurround=\skip56
\backup@length=\skip57
)
\TX@col@width=\dimen133
\TX@old@table=\dimen134
\TX@old@col=\dimen135
\TX@target=\dimen136
\TX@delta=\dimen137
\TX@cols=\count113
\TX@ftn=\toks31
)
(/usr/share/texmf-dist/tex/latex/tex-gyre/tgtermes.sty
Package: tgtermes 2009/09/27 v1.2 TeX Gyre Termes as default roman family

(/usr/share/texmf-dist/tex/latex/oberdiek/kvoptions.sty
Package: kvoptions 2016/05/16 v3.12 Key value format for package options (HO)

(/usr/share/texmf-dist/tex/generic/oberdiek/kvsetkeys.sty
Package: kvsetkeys 2016/05/16 v1.17 Key value parser (HO)

(/usr/share/texmf-dist/tex/generic/oberdiek/etexcmds.sty
Package: etexcmds 2016/05/16 v1.6 Avoid name clashes with e-TeX commands (HO)

(/usr/share/texmf-dist/tex/generic/oberdiek/ifluatex.sty
Package: ifluatex 2016/05/16 v1.4 Provides the ifluatex switch (HO)
Package ifluatex Info: LuaTeX not detected.
)
Package etexcmds Info: Could not find \expanded.
(etexcmds)             That can mean that you are not using pdfTeX 1.50 or
(etexcmds)             that some package has redefined \expanded.
(etexcmds)             In the latter case, load this package earlier.
))))
(/usr/share/texmf-dist/tex/latex/titlesec/titlesec.sty
Package: titlesec 2016/03/21 v2.10.2 Sectioning titles
\ttl@box=\box31
\beforetitleunit=\skip58
\aftertitleunit=\skip59
\ttl@plus=\dimen138
\ttl@minus=\dimen139
\ttl@toksa=\toks32
\titlewidth=\dimen140
\titlewidthlast=\dimen141
\titlewidthfirst=\dimen142
)
(/usr/share/texmf-dist/tex/latex/pdfpages/pdfpages.sty
Package: pdfpages 2017/01/14 v0.5h Insert pages of external PDF documents (AM)

(/usr/share/texmf-dist/tex/latex/base/ifthen.sty
Package: ifthen 2014/09/29 v1.1c Standard LaTeX ifthen package (DPC)
)
(/usr/share/texmf-dist/tex/latex/tools/calc.sty
Package: calc 2014/10/28 v4.3 Infix arithmetic (KKT,FJ)
\calc@Acount=\count114
\calc@Bcount=\count115
\calc@Adimen=\dimen143
\calc@Bdimen=\dimen144
\calc@Askip=\skip60
\calc@Bskip=\skip61
LaTeX Info: Redefining \setlength on input line 80.
LaTeX Info: Redefining \addtolength on input line 81.
\calc@Ccount=\count116
\calc@Cskip=\skip62
)
(/usr/share/texmf-dist/tex/latex/eso-pic/eso-pic.sty
Package: eso-pic 2015/07/21 v2.0g eso-pic (RN)

(/usr/share/texmf-dist/tex/generic/oberdiek/atbegshi.sty
Package: atbegshi 2016/06/09 v1.18 At begin shipout hook (HO)
))
\AM@pagewidth=\dimen145
\AM@pageheight=\dimen146

(/usr/share/texmf-dist/tex/latex/pdfpages/pppdftex.def
File: pppdftex.def 2017/01/14 v0.5h Pdfpages driver for pdfTeX (AM)
)
\AM@pagebox=\box32
\AM@global@opts=\toks33
\AM@toc@title=\toks34
\c@AM@survey=\count117
\AM@templatesizebox=\box33
)
(/usr/share/texmf-dist/tex/latex/graphics/epsfig.sty
Package: epsfig 1999/02/16 v1.7a (e)psfig emulation (SPQR)
\epsfxsize=\dimen147
\epsfysize=\dimen148
)
(/usr/share/texmf-dist/tex/latex/comment/comment.sty
\CommentStream=\write3

Excluding comment 'comment') (/usr/share/texmf-dist/tex/latex/float/float.sty
Package: float 2001/11/08 v1.3d Float enhancements (AL)
\c@float@type=\count118
\float@exts=\toks35
\float@box=\box34
\@float@everytoks=\toks36
\@floatcapt=\box35
)
(./TP2.aux)
\openout1 = `TP2.aux'.

LaTeX Font Info:    Checking defaults for OML/cmm/m/it on input line 55.
LaTeX Font Info:    ... okay on input line 55.
LaTeX Font Info:    Checking defaults for T1/cmr/m/n on input line 55.
LaTeX Font Info:    ... okay on input line 55.
LaTeX Font Info:    Checking defaults for OT1/cmr/m/n on input line 55.
LaTeX Font Info:    ... okay on input line 55.
LaTeX Font Info:    Checking defaults for OMS/cmsy/m/n on input line 55.
LaTeX Font Info:    ... okay on input line 55.
LaTeX Font Info:    Checking defaults for OMX/cmex/m/n on input line 55.
LaTeX Font Info:    ... okay on input line 55.
LaTeX Font Info:    Checking defaults for U/cmr/m/n on input line 55.
LaTeX Font Info:    ... okay on input line 55.
LaTeX Font Info:    Try loading font information for T1+qtm on input line 55.
 (/usr/share/texmf-dist/tex/latex/tex-gyre/t1qtm.fd
File: t1qtm.fd 2009/09/25 v1.2 font definition file for T1/qtm
)
LaTeX Info: Redefining \degres on input line 55.
LaTeX Info: Redefining \dots on input line 55.
LaTeX Info: Redefining \up on input line 55.

*geometry* driver: auto-detecting
*geometry* detected driver: pdftex
*geometry* verbose mode - [ preamble ] result:
* driver: pdftex
* paper: <default>
* layout: <same size as paper>
* layoutoffset:(h,v)=(0.0pt,0.0pt)
* modes: 
* h-part:(L,W,R)=(85.35826pt, 443.57848pt, 85.35826pt)
* v-part:(T,H,B)=(85.35826pt, 624.25346pt, 85.35826pt)
* \paperwidth=614.295pt
* \paperheight=794.96999pt
* \textwidth=443.57848pt
* \textheight=624.25346pt
* \oddsidemargin=13.08827pt
* \evensidemargin=13.08827pt
* \topmargin=-23.91173pt
* \headheight=12.0pt
* \headsep=25.0pt
* \topskip=12.0pt
* \footskip=30.0pt
* \marginparwidth=44.0pt
* \marginparsep=10.0pt
* \columnsep=10.0pt
* \skip\footins=10.8pt plus 4.0pt minus 2.0pt
* \hoffset=0.0pt
* \voffset=0.0pt
* \mag=1000
* \@twocolumnfalse
* \@twosidefalse
* \@mparswitchfalse
* \@reversemarginfalse
* (1in=72.27pt=25.4mm, 1cm=28.453pt)

(/usr/share/texmf-dist/tex/context/base/mkii/supp-pdf.mkii
[Loading MPS to PDF converter (version 2006.09.02).]
\scratchcounter=\count119
\scratchdimen=\dimen149
\scratchbox=\box36
\nofMPsegments=\count120
\nofMParguments=\count121
\everyMPshowfont=\toks37
\MPscratchCnt=\count122
\MPscratchDim=\dimen150
\MPnumerator=\count123
\makeMPintoPDFobject=\count124
\everyMPtoPDFconversion=\toks38
) (/usr/share/texmf-dist/tex/generic/oberdiek/pdftexcmds.sty
Package: pdftexcmds 2017/03/19 v0.25 Utility functions of pdfTeX for LuaTeX (HO
)
Package pdftexcmds Info: LuaTeX not detected.
Package pdftexcmds Info: \pdf@primitive is available.
Package pdftexcmds Info: \pdf@ifprimitive is available.
Package pdftexcmds Info: \pdfdraftmode found.
)
(/usr/share/texmf-dist/tex/latex/oberdiek/epstopdf-base.sty
Package: epstopdf-base 2016/05/15 v2.6 Base part for package epstopdf

(/usr/share/texmf-dist/tex/latex/oberdiek/grfext.sty
Package: grfext 2016/05/16 v1.2 Manage graphics extensions (HO)

(/usr/share/texmf-dist/tex/generic/oberdiek/kvdefinekeys.sty
Package: kvdefinekeys 2016/05/16 v1.4 Define keys (HO)
))
Package epstopdf-base Info: Redefining graphics rule for `.eps' on input line 4
38.
Package grfext Info: Graphics extension search list:
(grfext)             [.png,.pdf,.jpg,.mps,.jpeg,.jbig2,.jb2,.PNG,.PDF,.JPG,.JPE
G,.JBIG2,.JB2,.eps]
(grfext)             \AppendGraphicsExtensions on input line 456.

(/usr/share/texmf-dist/tex/latex/latexconfig/epstopdf-sys.cfg
File: epstopdf-sys.cfg 2010/07/13 v1.3 Configuration of (r)epstopdf for TeX Liv
e
))
\AtBeginShipoutBox=\box37

(/usr/share/texmf-dist/tex/latex/oberdiek/pdflscape.sty
Package: pdflscape 2016/05/14 v0.11 Display of landscape pages in PDF (HO)

(/usr/share/texmf-dist/tex/latex/graphics/lscape.sty
Package: lscape 2000/10/22 v3.01 Landscape Pages (DPC)
)
Package pdflscape Info: Auto-detected driver: pdftex on input line 81.
)
LaTeX Font Info:    Try loading font information for U+msa on input line 60.

(/usr/share/texmf-dist/tex/latex/amsfonts/umsa.fd
File: umsa.fd 2013/01/14 v3.01 AMS symbols A
)
LaTeX Font Info:    Try loading font information for U+msb on input line 60.

(/usr/share/texmf-dist/tex/latex/amsfonts/umsb.fd
File: umsb.fd 2013/01/14 v3.01 AMS symbols B
)
LaTeX Font Info:    Try loading font information for U+rsfs on input line 60.

(/usr/share/texmf-dist/tex/latex/jknapltx/ursfs.fd
File: ursfs.fd 1998/03/24 rsfs font definition file (jk)
) [1

{/var/lib/texmf/fonts/map/pdftex/updmap/pdftex.map}] (./TP2.toc)
\tf@toc=\write4
\openout4 = `TP2.toc'.

 [1

]
Underfull \hbox (badness 10000) in paragraph at lines 70--71

 []

[2]
Underfull \hbox (badness 10000) in paragraph at lines 79--80

 []

<../boats.jpg, id=15, 500.03027pt x 500.03027pt>
File: ../boats.jpg Graphic file (type jpg)
 <use ../boats.jpg>
Package pdftex.def Info: ../boats.jpg used on input line 86.
(pdftex.def)             Requested size: 250.01453pt x 250.01453pt.

<../ImageRes/orig_histo_0.jpg, id=16, 513.92pt x 401.5pt>
File: ../ImageRes/orig_histo_0.jpg Graphic file (type jpg)

<use ../ImageRes/orig_histo_0.jpg>
Package pdftex.def Info: ../ImageRes/orig_histo_0.jpg used on input line 95.
(pdftex.def)             Requested size: 128.47968pt x 100.37474pt.

<../ImageRes/orig_histo_1.jpg, id=17, 513.92pt x 401.5pt>
File: ../ImageRes/orig_histo_1.jpg Graphic file (type jpg)

<use ../ImageRes/orig_histo_1.jpg>
Package pdftex.def Info: ../ImageRes/orig_histo_1.jpg used on input line 96.
(pdftex.def)             Requested size: 128.47968pt x 100.37474pt.

<../ImageRes/orig_histo_2.jpg, id=18, 513.92pt x 401.5pt>
File: ../ImageRes/orig_histo_2.jpg Graphic file (type jpg)

<use ../ImageRes/orig_histo_2.jpg>
Package pdftex.def Info: ../ImageRes/orig_histo_2.jpg used on input line 97.
(pdftex.def)             Requested size: 128.47968pt x 100.37474pt.
 [3 <../boats.jpg>]
Underfull \hbox (badness 10000) in paragraph at lines 105--106

 []

<../ImageRes/idct_result.jpg, id=22, 513.92pt x 513.92pt>
File: ../ImageRes/idct_result.jpg Graphic file (type jpg)

<use ../ImageRes/idct_result.jpg>
Package pdftex.def Info: ../ImageRes/idct_result.jpg used on input line 111.
(pdftex.def)             Requested size: 256.95937pt x 256.95937pt.

Underfull \hbox (badness 10000) in paragraph at lines 119--120

 []

[4 <../ImageRes/orig_histo_0.jpg> <../ImageRes/orig_histo_1.jpg> <../ImageRes/o
rig_histo_2.jpg> <../ImageRes/idct_result.jpg>]
<../ImageRes/dct_0.jpg, id=26, 513.92pt x 513.92pt>
File: ../ImageRes/dct_0.jpg Graphic file (type jpg)

<use ../ImageRes/dct_0.jpg>
Package pdftex.def Info: ../ImageRes/dct_0.jpg used on input line 125.
(pdftex.def)             Requested size: 128.47968pt x 128.47968pt.

<../ImageRes/dct_1.jpg, id=27, 513.92pt x 513.92pt>
File: ../ImageRes/dct_1.jpg Graphic file (type jpg)

<use ../ImageRes/dct_1.jpg>
Package pdftex.def Info: ../ImageRes/dct_1.jpg used on input line 126.
(pdftex.def)             Requested size: 128.47968pt x 128.47968pt.

<../ImageRes/dct_2.jpg, id=28, 513.92pt x 513.92pt>
File: ../ImageRes/dct_2.jpg Graphic file (type jpg)

<use ../ImageRes/dct_2.jpg>
Package pdftex.def Info: ../ImageRes/dct_2.jpg used on input line 127.
(pdftex.def)             Requested size: 128.47968pt x 128.47968pt.

<../ImageRes/dct_histo_0.jpg, id=29, 513.92pt x 401.5pt>
File: ../ImageRes/dct_histo_0.jpg Graphic file (type jpg)

<use ../ImageRes/dct_histo_0.jpg>
Package pdftex.def Info: ../ImageRes/dct_histo_0.jpg used on input line 138.
(pdftex.def)             Requested size: 128.47968pt x 100.37474pt.

<../ImageRes/dct_histo_1.jpg, id=30, 513.92pt x 401.5pt>
File: ../ImageRes/dct_histo_1.jpg Graphic file (type jpg)

<use ../ImageRes/dct_histo_1.jpg>
Package pdftex.def Info: ../ImageRes/dct_histo_1.jpg used on input line 139.
(pdftex.def)             Requested size: 128.47968pt x 100.37474pt.

<../ImageRes/dct_histo_2.jpg, id=31, 513.92pt x 401.5pt>
File: ../ImageRes/dct_histo_2.jpg Graphic file (type jpg)

<use ../ImageRes/dct_histo_2.jpg>
Package pdftex.def Info: ../ImageRes/dct_histo_2.jpg used on input line 140.
(pdftex.def)             Requested size: 128.47968pt x 100.37474pt.

Underfull \hbox (badness 10000) in paragraph at lines 148--149

 []

[5 <../ImageRes/dct_0.jpg> <../ImageRes/dct_1.jpg> <../ImageRes/dct_2.jpg> <../
ImageRes/dct_histo_0.jpg> <../ImageRes/dct_histo_1.jpg> <../ImageRes/dct_histo_
2.jpg>] <../ImageRes/dct_masked0_0.jpg, id=35, 513.92pt x 513.92pt>
File: ../ImageRes/dct_masked0_0.jpg Graphic file (type jpg)

<use ../ImageRes/dct_masked0_0.jpg>
Package pdftex.def Info: ../ImageRes/dct_masked0_0.jpg used on input line 165.
(pdftex.def)             Requested size: 128.47968pt x 128.47968pt.

<../ImageRes/dct_masked0_1.jpg, id=36, 513.92pt x 513.92pt>
File: ../ImageRes/dct_masked0_1.jpg Graphic file (type jpg)

<use ../ImageRes/dct_masked0_1.jpg>
Package pdftex.def Info: ../ImageRes/dct_masked0_1.jpg used on input line 166.
(pdftex.def)             Requested size: 128.47968pt x 128.47968pt.

<../ImageRes/dct_masked0_2.jpg, id=37, 513.92pt x 513.92pt>
File: ../ImageRes/dct_masked0_2.jpg Graphic file (type jpg)

<use ../ImageRes/dct_masked0_2.jpg>
Package pdftex.def Info: ../ImageRes/dct_masked0_2.jpg used on input line 167.
(pdftex.def)             Requested size: 128.47968pt x 128.47968pt.

<../ImageRes/dct_masked0_histo_0.jpg, id=38, 513.92pt x 401.5pt>
File: ../ImageRes/dct_masked0_histo_0.jpg Graphic file (type jpg)

<use ../ImageRes/dct_masked0_histo_0.jpg>
Package pdftex.def Info: ../ImageRes/dct_masked0_histo_0.jpg used on input line
 174.
(pdftex.def)             Requested size: 128.47968pt x 100.37474pt.

<../ImageRes/dct_masked0_histo_1.jpg, id=39, 513.92pt x 401.5pt>
File: ../ImageRes/dct_masked0_histo_1.jpg Graphic file (type jpg)

<use ../ImageRes/dct_masked0_histo_1.jpg>
Package pdftex.def Info: ../ImageRes/dct_masked0_histo_1.jpg used on input line
 175.
(pdftex.def)             Requested size: 128.47968pt x 100.37474pt.

<../ImageRes/dct_masked0_histo_2.jpg, id=40, 513.92pt x 401.5pt>
File: ../ImageRes/dct_masked0_histo_2.jpg Graphic file (type jpg)

<use ../ImageRes/dct_masked0_histo_2.jpg>
Package pdftex.def Info: ../ImageRes/dct_masked0_histo_2.jpg used on input line
 176.
(pdftex.def)             Requested size: 128.47968pt x 100.37474pt.
 [6 <../ImageRes/dct_masked0_0.jpg> <../ImageRes/dct_masked0_1.jpg> <../ImageRe
s/dct_masked0_2.jpg>]
Underfull \hbox (badness 10000) in paragraph at lines 184--185

 []

<../ImageRes/idct_masked0_result.jpg, id=45, 513.92pt x 513.92pt>
File: ../ImageRes/idct_masked0_result.jpg Graphic file (type jpg)

<use ../ImageRes/idct_masked0_result.jpg>
Package pdftex.def Info: ../ImageRes/idct_masked0_result.jpg used on input line
 189.
(pdftex.def)             Requested size: 205.56435pt x 205.56435pt.

<../ImageRes/idct_masked0_disto.jpg, id=46, 513.92pt x 513.92pt>
File: ../ImageRes/idct_masked0_disto.jpg Graphic file (type jpg)

<use ../ImageRes/idct_masked0_disto.jpg>
Package pdftex.def Info: ../ImageRes/idct_masked0_disto.jpg used on input line 
190.
(pdftex.def)             Requested size: 205.56435pt x 205.56435pt.

<../ImageRes/dct_masked1_0.jpg, id=47, 513.92pt x 513.92pt>
File: ../ImageRes/dct_masked1_0.jpg Graphic file (type jpg)

<use ../ImageRes/dct_masked1_0.jpg>
Package pdftex.def Info: ../ImageRes/dct_masked1_0.jpg used on input line 205.
(pdftex.def)             Requested size: 128.47968pt x 128.47968pt.

<../ImageRes/dct_masked1_1.jpg, id=48, 513.92pt x 513.92pt>
File: ../ImageRes/dct_masked1_1.jpg Graphic file (type jpg)

<use ../ImageRes/dct_masked1_1.jpg>
Package pdftex.def Info: ../ImageRes/dct_masked1_1.jpg used on input line 206.
(pdftex.def)             Requested size: 128.47968pt x 128.47968pt.

<../ImageRes/dct_masked1_2.jpg, id=49, 513.92pt x 513.92pt>
File: ../ImageRes/dct_masked1_2.jpg Graphic file (type jpg)

<use ../ImageRes/dct_masked1_2.jpg>
Package pdftex.def Info: ../ImageRes/dct_masked1_2.jpg used on input line 207.
(pdftex.def)             Requested size: 128.47968pt x 128.47968pt.
 [7 <../ImageRes/dct_masked0_histo_0.jpg> <../ImageRes/dct_masked0_histo_1.jpg>
 <../ImageRes/dct_masked0_histo_2.jpg> <../ImageRes/idct_masked0_result.jpg> <.
./ImageRes/idct_masked0_disto.jpg>]
<../ImageRes/dct_masked1_histo_0.jpg, id=53, 513.92pt x 401.5pt>
File: ../ImageRes/dct_masked1_histo_0.jpg Graphic file (type jpg)

<use ../ImageRes/dct_masked1_histo_0.jpg>
Package pdftex.def Info: ../ImageRes/dct_masked1_histo_0.jpg used on input line
 214.
(pdftex.def)             Requested size: 128.47968pt x 100.37474pt.

<../ImageRes/dct_masked1_histo_1.jpg, id=54, 513.92pt x 401.5pt>
File: ../ImageRes/dct_masked1_histo_1.jpg Graphic file (type jpg)

<use ../ImageRes/dct_masked1_histo_1.jpg>
Package pdftex.def Info: ../ImageRes/dct_masked1_histo_1.jpg used on input line
 215.
(pdftex.def)             Requested size: 128.47968pt x 100.37474pt.

<../ImageRes/dct_masked1_histo_2.jpg, id=55, 513.92pt x 401.5pt>
File: ../ImageRes/dct_masked1_histo_2.jpg Graphic file (type jpg)

<use ../ImageRes/dct_masked1_histo_2.jpg>
Package pdftex.def Info: ../ImageRes/dct_masked1_histo_2.jpg used on input line
 216.
(pdftex.def)             Requested size: 128.47968pt x 100.37474pt.

Underfull \hbox (badness 10000) in paragraph at lines 224--225

 []

<../ImageRes/idct_masked1_result.jpg, id=56, 513.92pt x 513.92pt>
File: ../ImageRes/idct_masked1_result.jpg Graphic file (type jpg)

<use ../ImageRes/idct_masked1_result.jpg>
Package pdftex.def Info: ../ImageRes/idct_masked1_result.jpg used on input line
 229.
(pdftex.def)             Requested size: 205.56435pt x 205.56435pt.

<../ImageRes/idct_masked1_disto.jpg, id=57, 513.92pt x 513.92pt>
File: ../ImageRes/idct_masked1_disto.jpg Graphic file (type jpg)

<use ../ImageRes/idct_masked1_disto.jpg>
Package pdftex.def Info: ../ImageRes/idct_masked1_disto.jpg used on input line 
230.
(pdftex.def)             Requested size: 205.56435pt x 205.56435pt.
 [8 <../ImageRes/dct_masked1_0.jpg> <../ImageRes/dct_masked1_1.jpg> <../ImageRe
s/dct_masked1_2.jpg> <../ImageRes/dct_masked1_histo_0.jpg> <../ImageRes/dct_mas
ked1_histo_1.jpg> <../ImageRes/dct_masked1_histo_2.jpg>] <../ImageRes/dct_maske
d2_0.jpg, id=61, 513.92pt x 513.92pt>
File: ../ImageRes/dct_masked2_0.jpg Graphic file (type jpg)

<use ../ImageRes/dct_masked2_0.jpg>
Package pdftex.def Info: ../ImageRes/dct_masked2_0.jpg used on input line 244.
(pdftex.def)             Requested size: 128.47968pt x 128.47968pt.

<../ImageRes/dct_masked2_1.jpg, id=62, 513.92pt x 513.92pt>
File: ../ImageRes/dct_masked2_1.jpg Graphic file (type jpg)

<use ../ImageRes/dct_masked2_1.jpg>
Package pdftex.def Info: ../ImageRes/dct_masked2_1.jpg used on input line 245.
(pdftex.def)             Requested size: 128.47968pt x 128.47968pt.

<../ImageRes/dct_masked2_2.jpg, id=63, 513.92pt x 513.92pt>
File: ../ImageRes/dct_masked2_2.jpg Graphic file (type jpg)

<use ../ImageRes/dct_masked2_2.jpg>
Package pdftex.def Info: ../ImageRes/dct_masked2_2.jpg used on input line 246.
(pdftex.def)             Requested size: 128.47968pt x 128.47968pt.

<../ImageRes/dct_masked2_histo_0.jpg, id=64, 513.92pt x 401.5pt>
File: ../ImageRes/dct_masked2_histo_0.jpg Graphic file (type jpg)

<use ../ImageRes/dct_masked2_histo_0.jpg>
Package pdftex.def Info: ../ImageRes/dct_masked2_histo_0.jpg used on input line
 253.
(pdftex.def)             Requested size: 128.47968pt x 100.37474pt.

<../ImageRes/dct_masked2_histo_1.jpg, id=65, 513.92pt x 401.5pt>
File: ../ImageRes/dct_masked2_histo_1.jpg Graphic file (type jpg)

<use ../ImageRes/dct_masked2_histo_1.jpg>
Package pdftex.def Info: ../ImageRes/dct_masked2_histo_1.jpg used on input line
 254.
(pdftex.def)             Requested size: 128.47968pt x 100.37474pt.

<../ImageRes/dct_masked2_histo_2.jpg, id=66, 513.92pt x 401.5pt>
File: ../ImageRes/dct_masked2_histo_2.jpg Graphic file (type jpg)

<use ../ImageRes/dct_masked2_histo_2.jpg>
Package pdftex.def Info: ../ImageRes/dct_masked2_histo_2.jpg used on input line
 255.
(pdftex.def)             Requested size: 128.47968pt x 100.37474pt.
 [9 <../ImageRes/idct_masked1_result.jpg> <../ImageRes/idct_masked1_disto.jpg> 
<../ImageRes/dct_masked2_0.jpg> <../ImageRes/dct_masked2_1.jpg> <../ImageRes/dc
t_masked2_2.jpg>]
Underfull \hbox (badness 10000) in paragraph at lines 263--264

 []

<../ImageRes/idct_masked2_result.jpg, id=70, 513.92pt x 513.92pt>
File: ../ImageRes/idct_masked2_result.jpg Graphic file (type jpg)

<use ../ImageRes/idct_masked2_result.jpg>
Package pdftex.def Info: ../ImageRes/idct_masked2_result.jpg used on input line
 268.
(pdftex.def)             Requested size: 205.56435pt x 205.56435pt.

<../ImageRes/idct_masked2_disto.jpg, id=71, 513.92pt x 513.92pt>
File: ../ImageRes/idct_masked2_disto.jpg Graphic file (type jpg)

<use ../ImageRes/idct_masked2_disto.jpg>
Package pdftex.def Info: ../ImageRes/idct_masked2_disto.jpg used on input line 
269.
(pdftex.def)             Requested size: 205.56435pt x 205.56435pt.

<../ImageRes/dct_masked3_0.jpg, id=72, 513.92pt x 513.92pt>
File: ../ImageRes/dct_masked3_0.jpg Graphic file (type jpg)

<use ../ImageRes/dct_masked3_0.jpg>
Package pdftex.def Info: ../ImageRes/dct_masked3_0.jpg used on input line 283.
(pdftex.def)             Requested size: 128.47968pt x 128.47968pt.

<../ImageRes/dct_masked3_1.jpg, id=73, 513.92pt x 513.92pt>
File: ../ImageRes/dct_masked3_1.jpg Graphic file (type jpg)

<use ../ImageRes/dct_masked3_1.jpg>
Package pdftex.def Info: ../ImageRes/dct_masked3_1.jpg used on input line 284.
(pdftex.def)             Requested size: 128.47968pt x 128.47968pt.

<../ImageRes/dct_masked3_2.jpg, id=74, 513.92pt x 513.92pt>
File: ../ImageRes/dct_masked3_2.jpg Graphic file (type jpg)

<use ../ImageRes/dct_masked3_2.jpg>
Package pdftex.def Info: ../ImageRes/dct_masked3_2.jpg used on input line 285.
(pdftex.def)             Requested size: 128.47968pt x 128.47968pt.
 [10 <../ImageRes/dct_masked2_histo_0.jpg> <../ImageRes/dct_masked2_histo_1.jpg
> <../ImageRes/dct_masked2_histo_2.jpg> <../ImageRes/idct_masked2_result.jpg> <
../ImageRes/idct_masked2_disto.jpg>]
<../ImageRes/dct_masked3_histo_0.jpg, id=78, 513.92pt x 401.5pt>
File: ../ImageRes/dct_masked3_histo_0.jpg Graphic file (type jpg)

<use ../ImageRes/dct_masked3_histo_0.jpg>
Package pdftex.def Info: ../ImageRes/dct_masked3_histo_0.jpg used on input line
 292.
(pdftex.def)             Requested size: 128.47968pt x 100.37474pt.

<../ImageRes/dct_masked3_histo_1.jpg, id=79, 513.92pt x 401.5pt>
File: ../ImageRes/dct_masked3_histo_1.jpg Graphic file (type jpg)

<use ../ImageRes/dct_masked3_histo_1.jpg>
Package pdftex.def Info: ../ImageRes/dct_masked3_histo_1.jpg used on input line
 293.
(pdftex.def)             Requested size: 128.47968pt x 100.37474pt.

<../ImageRes/dct_masked3_histo_2.jpg, id=80, 513.92pt x 401.5pt>
File: ../ImageRes/dct_masked3_histo_2.jpg Graphic file (type jpg)

<use ../ImageRes/dct_masked3_histo_2.jpg>
Package pdftex.def Info: ../ImageRes/dct_masked3_histo_2.jpg used on input line
 294.
(pdftex.def)             Requested size: 128.47968pt x 100.37474pt.

Underfull \hbox (badness 10000) in paragraph at lines 302--303

 []

File: ../ImageRes/idct_masked2_result.jpg Graphic file (type jpg)
<use ../ImageRes/idct_masked2_result.jpg>
Package pdftex.def Info: ../ImageRes/idct_masked2_result.jpg used on input line
 307.
(pdftex.def)             Requested size: 205.56435pt x 205.56435pt.
File: ../ImageRes/idct_masked2_disto.jpg Graphic file (type jpg)

<use ../ImageRes/idct_masked2_disto.jpg>
Package pdftex.def Info: ../ImageRes/idct_masked2_disto.jpg used on input line 
308.
(pdftex.def)             Requested size: 205.56435pt x 205.56435pt.
 [11 <../ImageRes/dct_masked3_0.jpg> <../ImageRes/dct_masked3_1.jpg> <../ImageR
es/dct_masked3_2.jpg> <../ImageRes/dct_masked3_histo_0.jpg> <../ImageRes/dct_ma
sked3_histo_1.jpg> <../ImageRes/dct_masked3_histo_2.jpg>]
Underfull \hbox (badness 10000) in paragraph at lines 329--330

 []

[12] <../ImageRes/blockdct_0.jpg, id=88, 513.92pt x 513.92pt>
File: ../ImageRes/blockdct_0.jpg Graphic file (type jpg)

<use ../ImageRes/blockdct_0.jpg>
Package pdftex.def Info: ../ImageRes/blockdct_0.jpg used on input line 338.
(pdftex.def)             Requested size: 128.47968pt x 128.47968pt.

<../ImageRes/blockdct_1.jpg, id=89, 513.92pt x 513.92pt>
File: ../ImageRes/blockdct_1.jpg Graphic file (type jpg)

<use ../ImageRes/blockdct_1.jpg>
Package pdftex.def Info: ../ImageRes/blockdct_1.jpg used on input line 339.
(pdftex.def)             Requested size: 128.47968pt x 128.47968pt.

<../ImageRes/blockdct_2.jpg, id=90, 513.92pt x 513.92pt>
File: ../ImageRes/blockdct_2.jpg Graphic file (type jpg)

<use ../ImageRes/blockdct_2.jpg>
Package pdftex.def Info: ../ImageRes/blockdct_2.jpg used on input line 340.
(pdftex.def)             Requested size: 128.47968pt x 128.47968pt.

<../ImageRes/blockdct_histo_0.jpg, id=91, 513.92pt x 401.5pt>
File: ../ImageRes/blockdct_histo_0.jpg Graphic file (type jpg)

<use ../ImageRes/blockdct_histo_0.jpg>
Package pdftex.def Info: ../ImageRes/blockdct_histo_0.jpg used on input line 34
7.
(pdftex.def)             Requested size: 128.47968pt x 100.37474pt.

<../ImageRes/blockdct_histo_1.jpg, id=92, 513.92pt x 401.5pt>
File: ../ImageRes/blockdct_histo_1.jpg Graphic file (type jpg)

<use ../ImageRes/blockdct_histo_1.jpg>
Package pdftex.def Info: ../ImageRes/blockdct_histo_1.jpg used on input line 34
8.
(pdftex.def)             Requested size: 128.47968pt x 100.37474pt.

<../ImageRes/blockdct_histo_2.jpg, id=93, 513.92pt x 401.5pt>
File: ../ImageRes/blockdct_histo_2.jpg Graphic file (type jpg)

<use ../ImageRes/blockdct_histo_2.jpg>
Package pdftex.def Info: ../ImageRes/blockdct_histo_2.jpg used on input line 34
9.
(pdftex.def)             Requested size: 128.47968pt x 100.37474pt.

Underfull \hbox (badness 10000) in paragraph at lines 357--358

 []

File: ../ImageRes/idct_masked2_result.jpg Graphic file (type jpg)
<use ../ImageRes/idct_masked2_result.jpg>
Package pdftex.def Info: ../ImageRes/idct_masked2_result.jpg used on input line
 362.
(pdftex.def)             Requested size: 256.95937pt x 256.95937pt.
 [13 <../ImageRes/blockdct_0.jpg> <../ImageRes/blockdct_1.jpg> <../ImageRes/blo
ckdct_2.jpg> <../ImageRes/blockdct_histo_0.jpg> <../ImageRes/blockdct_histo_1.j
pg> <../ImageRes/blockdct_histo_2.jpg>]
Underfull \hbox (badness 10000) in paragraph at lines 369--370

 []

<../ImageRes/blockdct_masked_0.jpg, id=97, 513.92pt x 513.92pt>
File: ../ImageRes/blockdct_masked_0.jpg Graphic file (type jpg)

<use ../ImageRes/blockdct_masked_0.jpg>
Package pdftex.def Info: ../ImageRes/blockdct_masked_0.jpg used on input line 3
80.
(pdftex.def)             Requested size: 128.47968pt x 128.47968pt.

<../ImageRes/blockdct_masked_1.jpg, id=98, 513.92pt x 513.92pt>
File: ../ImageRes/blockdct_masked_1.jpg Graphic file (type jpg)

<use ../ImageRes/blockdct_masked_1.jpg>
Package pdftex.def Info: ../ImageRes/blockdct_masked_1.jpg used on input line 3
81.
(pdftex.def)             Requested size: 128.47968pt x 128.47968pt.

<../ImageRes/blockdct_masked_2.jpg, id=99, 513.92pt x 513.92pt>
File: ../ImageRes/blockdct_masked_2.jpg Graphic file (type jpg)

<use ../ImageRes/blockdct_masked_2.jpg>
Package pdftex.def Info: ../ImageRes/blockdct_masked_2.jpg used on input line 3
82.
(pdftex.def)             Requested size: 128.47968pt x 128.47968pt.
 [14]
<../ImageRes/blockdct_masked_histo_0.jpg, id=103, 513.92pt x 401.5pt>
File: ../ImageRes/blockdct_masked_histo_0.jpg Graphic file (type jpg)

<use ../ImageRes/blockdct_masked_histo_0.jpg>
Package pdftex.def Info: ../ImageRes/blockdct_masked_histo_0.jpg used on input 
line 389.
(pdftex.def)             Requested size: 128.47968pt x 100.37474pt.

<../ImageRes/blockdct_masked_histo_1.jpg, id=104, 513.92pt x 401.5pt>
File: ../ImageRes/blockdct_masked_histo_1.jpg Graphic file (type jpg)

<use ../ImageRes/blockdct_masked_histo_1.jpg>
Package pdftex.def Info: ../ImageRes/blockdct_masked_histo_1.jpg used on input 
line 390.
(pdftex.def)             Requested size: 128.47968pt x 100.37474pt.

<../ImageRes/blockdct_masked_histo_2.jpg, id=105, 513.92pt x 401.5pt>
File: ../ImageRes/blockdct_masked_histo_2.jpg Graphic file (type jpg)

<use ../ImageRes/blockdct_masked_histo_2.jpg>
Package pdftex.def Info: ../ImageRes/blockdct_masked_histo_2.jpg used on input 
line 391.
(pdftex.def)             Requested size: 128.47968pt x 100.37474pt.

Underfull \hbox (badness 10000) in paragraph at lines 399--400

 []

<../ImageRes/blockidct_masked_result.jpg, id=106, 513.92pt x 513.92pt>
File: ../ImageRes/blockidct_masked_result.jpg Graphic file (type jpg)

<use ../ImageRes/blockidct_masked_result.jpg>
Package pdftex.def Info: ../ImageRes/blockidct_masked_result.jpg used on input 
line 406.
(pdftex.def)             Requested size: 205.56435pt x 205.56435pt.

<../ImageRes/blockidct_masked_disto.jpg, id=107, 513.92pt x 513.92pt>
File: ../ImageRes/blockidct_masked_disto.jpg Graphic file (type jpg)

<use ../ImageRes/blockidct_masked_disto.jpg>
Package pdftex.def Info: ../ImageRes/blockidct_masked_disto.jpg used on input l
ine 407.
(pdftex.def)             Requested size: 205.56435pt x 205.56435pt.
 [15 <../ImageRes/blockdct_masked_0.jpg> <../ImageRes/blockdct_masked_1.jpg> <.
./ImageRes/blockdct_masked_2.jpg> <../ImageRes/blockdct_masked_histo_0.jpg> <..
/ImageRes/blockdct_masked_histo_1.jpg> <../ImageRes/blockdct_masked_histo_2.jpg
>]
Underfull \hbox (badness 10000) in paragraph at lines 414--415

 []


Underfull \hbox (badness 10000) in paragraph at lines 417--418

 []

<../ImageRes/blockdct_transform_0.jpg, id=111, 513.92pt x 513.92pt>
File: ../ImageRes/blockdct_transform_0.jpg Graphic file (type jpg)

<use ../ImageRes/blockdct_transform_0.jpg>
Package pdftex.def Info: ../ImageRes/blockdct_transform_0.jpg used on input lin
e 425.
(pdftex.def)             Requested size: 128.47968pt x 128.47968pt.

<../ImageRes/blockdct_transform_1.jpg, id=112, 513.92pt x 513.92pt>
File: ../ImageRes/blockdct_transform_1.jpg Graphic file (type jpg)

<use ../ImageRes/blockdct_transform_1.jpg>
Package pdftex.def Info: ../ImageRes/blockdct_transform_1.jpg used on input lin
e 426.
(pdftex.def)             Requested size: 128.47968pt x 128.47968pt.

<../ImageRes/blockdct_transform_2.jpg, id=113, 513.92pt x 513.92pt>
File: ../ImageRes/blockdct_transform_2.jpg Graphic file (type jpg)

<use ../ImageRes/blockdct_transform_2.jpg>
Package pdftex.def Info: ../ImageRes/blockdct_transform_2.jpg used on input lin
e 427.
(pdftex.def)             Requested size: 128.47968pt x 128.47968pt.
 [16 <../ImageRes/blockidct_masked_result.jpg> <../ImageRes/blockidct_masked_di
sto.jpg>]
<../ImageRes/blockdct_transform_histo_0.jpg, id=117, 513.92pt x 401.5pt>
File: ../ImageRes/blockdct_transform_histo_0.jpg Graphic file (type jpg)

<use ../ImageRes/blockdct_transform_histo_0.jpg>
Package pdftex.def Info: ../ImageRes/blockdct_transform_histo_0.jpg used on inp
ut line 434.
(pdftex.def)             Requested size: 128.47968pt x 100.37474pt.

<../ImageRes/blockdct_transform_histo_1.jpg, id=118, 513.92pt x 401.5pt>
File: ../ImageRes/blockdct_transform_histo_1.jpg Graphic file (type jpg)

<use ../ImageRes/blockdct_transform_histo_1.jpg>
Package pdftex.def Info: ../ImageRes/blockdct_transform_histo_1.jpg used on inp
ut line 435.
(pdftex.def)             Requested size: 128.47968pt x 100.37474pt.

<../ImageRes/blockdct_transform_histo_2.jpg, id=119, 513.92pt x 401.5pt>
File: ../ImageRes/blockdct_transform_histo_2.jpg Graphic file (type jpg)

<use ../ImageRes/blockdct_transform_histo_2.jpg>
Package pdftex.def Info: ../ImageRes/blockdct_transform_histo_2.jpg used on inp
ut line 436.
(pdftex.def)             Requested size: 128.47968pt x 100.37474pt.

Underfull \hbox (badness 10000) in paragraph at lines 444--445

 []

<../ImageRes/blockidct_transform_result.jpg, id=120, 513.92pt x 513.92pt>
File: ../ImageRes/blockidct_transform_result.jpg Graphic file (type jpg)

<use ../ImageRes/blockidct_transform_result.jpg>
Package pdftex.def Info: ../ImageRes/blockidct_transform_result.jpg used on inp
ut line 451.
(pdftex.def)             Requested size: 205.56435pt x 205.56435pt.

<../ImageRes/blockidct_transform_disto.jpg, id=121, 513.92pt x 513.92pt>
File: ../ImageRes/blockidct_transform_disto.jpg Graphic file (type jpg)

<use ../ImageRes/blockidct_transform_disto.jpg>
Package pdftex.def Info: ../ImageRes/blockidct_transform_disto.jpg used on inpu
t line 452.
(pdftex.def)             Requested size: 205.56435pt x 205.56435pt.
 [17 <../ImageRes/blockdct_transform_0.jpg> <../ImageRes/blockdct_transform_1.j
pg> <../ImageRes/blockdct_transform_2.jpg> <../ImageRes/blockdct_transform_hist
o_0.jpg> <../ImageRes/blockdct_transform_histo_1.jpg> <../ImageRes/blockdct_tra
nsform_histo_2.jpg>]
Underfull \hbox (badness 10000) in paragraph at lines 459--460

 []

Excluding 'comment' comment. [18 <../ImageRes/blockidct_transform_result.jpg> <
../ImageRes/blockidct_transform_disto.jpg>] (./TP2.lof
Overfull \hbox (10.23659pt too wide) in paragraph at lines 19--19
 [][] []\T1/qtm/m/n/12 Coefficients DCT par blocs 8x8 pour les ca-naux Y, Cb et
 Cr de l'image "boats.pgm" [][]  
 []

[19

]
Overfull \hbox (22.23659pt too wide) in paragraph at lines 22--22
 [][] []\T1/qtm/m/n/12 Coefficients DCT par blocs 8x8 pour les ca-naux Y, Cb et
 Cr de l'image "boats.pgm" 
 []


Overfull \hbox (22.23659pt too wide) in paragraph at lines 25--25
 [][] []\T1/qtm/m/n/12 Coefficients DCT par blocs 8x8 pour les ca-naux Y, Cb et
 Cr de l'image "boats.pgm" 
 []

)
\tf@lof=\write5
\openout5 = `TP2.lof'.

 [20] (./TP2.aux) ) 
Here is how much of TeX's memory you used:
 6536 strings out of 493013
 92987 string characters out of 6139317
 167395 words of memory out of 5000000
 9854 multiletter control sequences out of 15000+600000
 47743 words of font info for 64 fonts, out of 8000000 for 9000
 1141 hyphenation exceptions out of 8191
 37i,7n,30p,439b,439s stack positions out of 5000i,500n,10000p,200000b,80000s
{/usr/share/texmf-dist/fonts/enc/dvips/tex-gyre/q-ec.enc}{/u
sr/share/texmf-dist/fonts/enc/dvips/tex-gyre/q-ec-sc.enc}</usr/share/texmf-dist
/fonts/type1/public/tex-gyre/qtmb.pfb></usr/share/texmf-dist/fonts/type1/public
/tex-gyre/qtmr.pfb>
Output written on TP2.pdf (21 pages, 6096094 bytes).
PDF statistics:
 147 PDF objects out of 1000 (max. 8388607)
 58 compressed objects within 1 object stream
 0 named destinations out of 1000 (max. 500000)
 316 words of extra memory for PDF output out of 10000 (max. 10000000)

